<?xml version="1.0" encoding="UTF-8"?>
<testsuite name="com.codurance.RomanNumeralShould" tests="4" skipped="0" failures="0" errors="0" timestamp="2021-06-28T16:53:52" hostname="Toms-MacBook-Pro-2.local" time="0.039">
  <properties/>
  <testcase name="return_I_for_1(int, String)[1]" classname="com.codurance.RomanNumeralShould" time="0.031"/>
  <testcase name="return_I_for_1(int, String)[2]" classname="com.codurance.RomanNumeralShould" time="0.0"/>
  <testcase name="return_I_for_1(int, String)[3]" classname="com.codurance.RomanNumeralShould" time="0.001"/>
  <testcase name="return_I_for_1(int, String)[4]" classname="com.codurance.RomanNumeralShould" time="0.001"/>
  <system-out><![CDATA[]]></system-out>
  <system-err><![CDATA[]]></system-err>
</testsuite>
