<?xml version="1.0" encoding="UTF-8"?>
<testsuite name="com.codurance.RomanNumeralShould" tests="12" skipped="0" failures="0" errors="0" timestamp="2021-06-28T18:52:16" hostname="Toms-MacBook-Pro-2.local" time="0.052">
  <properties/>
  <testcase name="return_roman_for_arabic(int, String)[1]" classname="com.codurance.RomanNumeralShould" time="0.031"/>
  <testcase name="return_roman_for_arabic(int, String)[2]" classname="com.codurance.RomanNumeralShould" time="0.001"/>
  <testcase name="return_roman_for_arabic(int, String)[3]" classname="com.codurance.RomanNumeralShould" time="0.001"/>
  <testcase name="return_roman_for_arabic(int, String)[4]" classname="com.codurance.RomanNumeralShould" time="0.0"/>
  <testcase name="return_roman_for_arabic(int, String)[5]" classname="com.codurance.RomanNumeralShould" time="0.001"/>
  <testcase name="return_roman_for_arabic(int, String)[6]" classname="com.codurance.RomanNumeralShould" time="0.001"/>
  <testcase name="return_roman_for_arabic(int, String)[7]" classname="com.codurance.RomanNumeralShould" time="0.001"/>
  <testcase name="return_roman_for_arabic(int, String)[8]" classname="com.codurance.RomanNumeralShould" time="0.001"/>
  <testcase name="return_roman_for_arabic(int, String)[9]" classname="com.codurance.RomanNumeralShould" time="0.0"/>
  <testcase name="return_roman_for_arabic(int, String)[10]" classname="com.codurance.RomanNumeralShould" time="0.001"/>
  <testcase name="return_roman_for_arabic(int, String)[11]" classname="com.codurance.RomanNumeralShould" time="0.0"/>
  <testcase name="return_roman_for_arabic(int, String)[12]" classname="com.codurance.RomanNumeralShould" time="0.001"/>
  <system-out><![CDATA[]]></system-out>
  <system-err><![CDATA[]]></system-err>
</testsuite>
