<?xml version="1.0" encoding="UTF-8"?>
<testsuite name="com.codurance.RomanNumeralShould" tests="2" skipped="0" failures="0" errors="0" timestamp="2021-06-29T16:43:56" hostname="Toms-MacBook-Pro-2.local" time="0.049">
  <properties/>
  <testcase name="return_arabic_from_roman(String, int)[1]" classname="com.codurance.RomanNumeralShould" time="0.043"/>
  <testcase name="return_arabic_from_roman(String, int)[2]" classname="com.codurance.RomanNumeralShould" time="0.002"/>
  <system-out><![CDATA[]]></system-out>
  <system-err><![CDATA[]]></system-err>
</testsuite>
